[debug] [2026-04-19T19:51:28.235Z] ----------------------------------------------------------------------
[debug] [2026-04-19T19:51:28.240Z] Command:       /opt/homebrew/Cellar/node/24.4.1/bin/node /opt/homebrew/bin/firebase init hosting
[debug] [2026-04-19T19:51:28.240Z] CLI Version:   15.15.0
[debug] [2026-04-19T19:51:28.240Z] Platform:      darwin
[debug] [2026-04-19T19:51:28.240Z] Node Version:  v24.4.1
[debug] [2026-04-19T19:51:28.240Z] Time:          Mon Apr 20 2026 01:21:28 GMT+0530 (India Standard Time)
[debug] [2026-04-19T19:51:28.240Z] ----------------------------------------------------------------------
[debug] 
[info] 
     ######## #### ########  ######## ########     ###     ######  ########
     ##        ##  ##     ## ##       ##     ##  ##   ##  ##       ##
     ######    ##  ########  ######   ########  #########  ######  ######
     ##        ##  ##    ##  ##       ##     ## ##     ##       ## ##
     ##       #### ##     ## ######## ########  ##     ##  ######  ########

You're about to initialize a Firebase project in this directory:

  /Users/anasmp/Codes/erpnext_landing_page/ERPNext Landing Page

[info] 
=== Project Setup
[info] 
[info] First, let's associate this project directory with a Firebase project.
[info] You can create multiple project aliases by running firebase use --add, 
[info] 
[debug] [2026-04-19T19:51:32.173Z] > command requires scopes: ["email","openid","https://www.googleapis.com/auth/cloudplatformprojects.readonly","https://www.googleapis.com/auth/firebase","https://www.googleapis.com/auth/cloud-platform"]
[debug] [2026-04-19T19:51:32.174Z] > authorizing via signed-in user (anas@binalyto.com)
[debug] [2026-04-19T19:51:32.175Z] Checked if tokens are valid: true, expires at: 1776631859535
[debug] [2026-04-19T19:51:32.176Z] Checked if tokens are valid: true, expires at: 1776631859535
[debug] [2026-04-19T19:51:32.177Z] >>> [apiv2][query] GET https://firebase.googleapis.com/v1beta1/projects pageSize=100
[debug] [2026-04-19T19:51:33.006Z] <<< [apiv2][status] GET https://firebase.googleapis.com/v1beta1/projects 200
[debug] [2026-04-19T19:51:33.007Z] <<< [apiv2][body] GET https://firebase.googleapis.com/v1beta1/projects [omitted]
[info] 
=== Hosting Setup
[debug] [2026-04-19T19:51:38.688Z] Checked if tokens are valid: true, expires at: 1776631859535
[debug] [2026-04-19T19:51:38.688Z] Checked if tokens are valid: true, expires at: 1776631859535
[debug] [2026-04-19T19:51:38.688Z] >>> [apiv2][query] GET https://firebase.googleapis.com/v1beta1/projects/erpnext-landing-page [none]
[debug] [2026-04-19T19:51:39.116Z] <<< [apiv2][status] GET https://firebase.googleapis.com/v1beta1/projects/erpnext-landing-page 200
[debug] [2026-04-19T19:51:39.117Z] <<< [apiv2][body] GET https://firebase.googleapis.com/v1beta1/projects/erpnext-landing-page {"projectId":"erpnext-landing-page","projectNumber":"217962432000","displayName":"ERPNext Landing Page","name":"projects/erpnext-landing-page","resources":{"hostingSite":"erpnext-landing-page"},"state":"ACTIVE","etag":"1_4409ed3f-a9d9-4e00-9919-a0b19e05a0a6"}
[info] 
[info] Your public directory is the folder (relative to your project directory) that
[info] will contain Hosting assets to be uploaded with firebase deploy. If you
[info] have a build process for your assets, use your build's output directory.
[info] 
[debug] [2026-04-19T19:56:41.439Z] ExitPromptError: User force closed the prompt with SIGINT
    at Interface.sigint (/opt/homebrew/lib/node_modules/firebase-tools/node_modules/@inquirer/core/dist/commonjs/lib/create-prompt.js:101:37)
    at Interface.emit (node:events:507:28)
    at [_ttyWrite] [as _ttyWrite] (node:internal/readline/interface:1315:18)
    at ReadStream.onkeypress (node:internal/readline/interface:284:20)
    at ReadStream.emit (node:events:519:35)
    at emitKeys (node:internal/readline/utils:371:14)
    at emitKeys.next (<anonymous>)
    at ReadStream.onData (node:internal/readline/emitKeypressEvents:64:36)
    at ReadStream.emit (node:events:507:28)
    at addChunk (node:internal/streams/readable:559:12)
[error] 
[error] Error: An unexpected error has occurred.
